#
# A fatal error has been detected by the Java Runtime Environment:
#
#  EXCEPTION_UNCAUGHT_CXX_EXCEPTION (0xe06d7363) at pc=0x00007ffb8cbda1c8, pid=24780, tid=17852
#
# JRE version: Java(TM) SE Runtime Environment (8.0_40-b25) (build 1.8.0_40-b25)
# Java VM: Java HotSpot(TM) 64-Bit Server VM (25.40-b25 mixed mode windows-amd64 compressed oops)
# Problematic frame:
# C  [KERNELBASE.dll+0x2a1c8]
#
# Failed to write core dump. Minidumps are not enabled by default on client versions of Windows
#
# If you would like to submit a bug report, please visit:
#   http://bugreport.java.com/bugreport/crash.jsp
# The crash happened outside the Java Virtual Machine in native code.
# See problematic frame for where to report the bug.
#

---------------  T H R E A D  ---------------

Current thread (0x0000000016cf6800):  JavaThread "JavaFX Application Thread" [_thread_in_native, id=17852, stack(0x0000000017a70000,0x0000000017b70000)]

siginfo: ExceptionCode=0xe06d7363, ExceptionInformation=0x0000000019930520 0x0000000017b6d130 0x000000006a435a00 0x000000006a390000 

Registers:
RAX=0x0000000067ea5154, RBX=0x0000000017b6d130, RCX=0x0000000017b6cc50, RDX=0x0000000017b6cb30
RSP=0x0000000017b6cfc0, RBP=0x0000000017b6d100, RSI=0x0000000000010000, RDI=0x000000006a435a00
R8 =0x00000cc000000cc0, R9 =0xfcafaa00fced7000, R10=0x0002000000020000, R11=0x0000000000000000
R12=0x000000003da0d130, R13=0x0000000034ff5e40, R14=0x000000003da0d130, R15=0x0000000035081580
RIP=0x00007ffb8cbda1c8, EFLAGS=0x0000000000000206

Top of Stack: (sp=0x0000000017b6cfc0)
0x0000000017b6cfc0:   0000000000000018 0000000017b6d130
0x0000000017b6cfd0:   0000000000010000 000000006a435a00
0x0000000017b6cfe0:   00000001e06d7363 0000000000000000
0x0000000017b6cff0:   00007ffb8cbda1c8 0000000000000004
0x0000000017b6d000:   0000000019930520 0000000017b6d130
0x0000000017b6d010:   000000006a435a00 000000006a390000
0x0000000017b6d020:   000000003da0d130 000000006a435a00
0x0000000017b6d030:   0000000000010000 0000000017b6d110
0x0000000017b6d040:   0000000017b6d100 00007ffb8fa985af
0x0000000017b6d050:   0000000034ff5e40 00007ffb00000000
0x0000000017b6d060:   00000000c0000017 0000000000000002
0x0000000017b6d070:   000000006a44a000 000000006a390000
0x0000000017b6d080:   0000499b27a56dde 0000000010010011
0x0000000017b6d090:   0000000017b6d130 000000006a3f14f1
0x0000000017b6d0a0:   0000000017b6d130 000000006a3ef07e
0x0000000017b6d0b0:   0000000000010000 000000003da0d130 

Instructions: (pc=0x00007ffb8cbda1c8)
0x00007ffb8cbda1a8:   49 8b d1 44 0f 47 c0 44 89 44 24 38 49 c1 e0 03
0x00007ffb8cbda1b8:   e8 5f eb 04 00 48 8d 4c 24 20 ff 15 18 05 0a 00
0x00007ffb8cbda1c8:   48 8b 8c 24 c0 00 00 00 48 33 cc e8 38 b4 04 00
0x00007ffb8cbda1d8:   48 81 c4 d8 00 00 00 c3 83 64 24 38 00 eb d6 cc 


Register to memory mapping:

RAX=0x0000000067ea5154 is an unknown value
RBX=0x0000000017b6d130 is pointing into the stack for thread: 0x0000000016cf6800
RCX=0x0000000017b6cc50 is pointing into the stack for thread: 0x0000000016cf6800
RDX=0x0000000017b6cb30 is pointing into the stack for thread: 0x0000000016cf6800
RSP=0x0000000017b6cfc0 is pointing into the stack for thread: 0x0000000016cf6800
RBP=0x0000000017b6d100 is pointing into the stack for thread: 0x0000000016cf6800
RSI=0x0000000000010000 is an unknown value
RDI=0x000000006a435a00 is an unknown value
R8 =0x00000cc000000cc0 is an unknown value
R9 =0xfcafaa00fced7000 is an unknown value
R10=0x0002000000020000 is an unknown value
R11=0x0000000000000000 is an unknown value
R12=0x000000003da0d130 is an unknown value
R13=0x0000000034ff5e40 is an unknown value
R14=0x000000003da0d130 is an unknown value
R15=0x0000000035081580 is an unknown value


Stack: [0x0000000017a70000,0x0000000017b70000],  sp=0x0000000017b6cfc0,  free space=1011k
Native frames: (J=compiled Java code, j=interpreted, Vv=VM code, C=native code)
C  [KERNELBASE.dll+0x2a1c8]
C  [msvcr100.dll+0x614f1]
C  [msvcr100.dll+0x68e5e]
C  [jfxwebkit.dll+0x6df3dd]
C  [jfxwebkit.dll+0x6df550]
C  [jfxwebkit.dll+0x6dfd2b]
C  [jfxwebkit.dll+0x6dd578]
C  [jfxwebkit.dll+0x89e3d0]
C  [jfxwebkit.dll+0x8a1e26]
C  [jfxwebkit.dll+0x8a3077]
C  [jfxwebkit.dll+0x89bc2c]
C  [jfxwebkit.dll+0x89be96]
C  [jfxwebkit.dll+0x89bef7]
C  [jfxwebkit.dll+0x89bef7]
C  [jfxwebkit.dll+0x89bef7]
C  [jfxwebkit.dll+0x89bef7]
C  [jfxwebkit.dll+0x89bef7]
C  [jfxwebkit.dll+0x89bef7]
C  [jfxwebkit.dll+0x804962]
C  [jfxwebkit.dll+0x6892d1]
C  [jfxwebkit.dll+0x68993b]
C  [jfxwebkit.dll+0x72d510]
C  [jfxwebkit.dll+0x70d652]
C  [jfxwebkit.dll+0x6c9144]
C  [jfxwebkit.dll+0x89e43b]
C  [jfxwebkit.dll+0x8a1e26]
C  [jfxwebkit.dll+0x8a3077]
C  [jfxwebkit.dll+0x89bc2c]
C  [jfxwebkit.dll+0x70e3e0]
C  0x0000000002925874

Java frames: (J=compiled Java code, j=interpreted, Vv=VM code)
j  com.sun.webkit.WebPage.twkPrePaint(J)V+0
j  com.sun.webkit.WebPage.updateDirty(Lcom/sun/webkit/graphics/WCRectangle;)V+117
j  com.sun.webkit.WebPage.updateContent(Lcom/sun/webkit/graphics/WCRectangle;)V+38
j  com.sun.javafx.sg.prism.NGWebView.update()V+68
J 4465 C2 javafx.scene.web.WebView$$Lambda$110.pulse()V (8 bytes) @ 0x000000000349c11c [0x000000000349bd40+0x3dc]
J 3803 C2 com.sun.javafx.tk.Toolkit$$Lambda$313.run()Ljava/lang/Object; (8 bytes) @ 0x0000000002b620c4 [0x0000000002b62080+0x44]
v  ~StubRoutines::call_stub
J 2033  java.security.AccessController.doPrivileged(Ljava/security/PrivilegedAction;Ljava/security/AccessControlContext;)Ljava/lang/Object; (0 bytes) @ 0x0000000002f333a6 [0x0000000002f33340+0x66]
J 4570 C2 com.sun.javafx.tk.Toolkit.firePulse()V (279 bytes) @ 0x00000000034e4a6c [0x00000000034e3fc0+0xaac]
J 4732 C2 com.sun.glass.ui.InvokeLaterDispatcher$Future.run()V (91 bytes) @ 0x0000000003553904 [0x0000000003553560+0x3a4]
v  ~StubRoutines::call_stub
j  com.sun.glass.ui.win.WinApplication._runLoop(Ljava/lang/Runnable;)V+0
j  com.sun.glass.ui.win.WinApplication.lambda$null$145(Ljava/lang/Runnable;)V+7
j  com.sun.glass.ui.win.WinApplication$$Lambda$36.run()V+8
j  java.lang.Thread.run()V+11
v  ~StubRoutines::call_stub

---------------  P R O C E S S  ---------------

Java Threads: ( => current thread )
  0x0000000021cea000 JavaThread "URL-Loader-99" daemon [_thread_blocked, id=18120, stack(0x0000000037090000,0x0000000037190000)]
  0x0000000021cee800 JavaThread "URL-Loader-98" daemon [_thread_blocked, id=18916, stack(0x0000000036f90000,0x0000000037090000)]
  0x0000000021ced800 JavaThread "URL-Loader-97" daemon [_thread_blocked, id=8372, stack(0x0000000036e90000,0x0000000036f90000)]
  0x0000000021ce5800 JavaThread "URL-Loader-96" daemon [_thread_blocked, id=20256, stack(0x0000000036370000,0x0000000036470000)]
  0x0000000021cec000 JavaThread "URL-Loader-95" daemon [_thread_blocked, id=22424, stack(0x0000000035ad0000,0x0000000035bd0000)]
  0x0000000021ce4800 JavaThread "URL-Loader-94" daemon [_thread_blocked, id=35784, stack(0x00000000359d0000,0x0000000035ad0000)]
  0x0000000034cad800 JavaThread "URL-Loader-93" daemon [_thread_blocked, id=22156, stack(0x0000000034000000,0x0000000034100000)]
  0x0000000034caa000 JavaThread "URL-Loader-92" daemon [_thread_blocked, id=19048, stack(0x0000000033e00000,0x0000000033f00000)]
  0x0000000034cac800 JavaThread "URL-Loader-91" daemon [_thread_blocked, id=23812, stack(0x0000000032f30000,0x0000000033030000)]
  0x0000000034ca0800 JavaThread "URL-Loader-90" daemon [_thread_blocked, id=17716, stack(0x00000000329c0000,0x0000000032ac0000)]
  0x0000000034ca5000 JavaThread "URL-Loader-89" daemon [_thread_blocked, id=23196, stack(0x00000000328c0000,0x00000000329c0000)]
  0x0000000034ca1000 JavaThread "URL-Loader-88" daemon [_thread_blocked, id=18232, stack(0x0000000025aa0000,0x0000000025ba0000)]
  0x0000000034ca4000 JavaThread "URL-Loader-87" daemon [_thread_blocked, id=30852, stack(0x0000000024980000,0x0000000024a80000)]
  0x0000000034ca9800 JavaThread "URL-Loader-86" daemon [_thread_blocked, id=34852, stack(0x0000000024880000,0x0000000024980000)]
  0x0000000034ca8800 JavaThread "URL-Loader-85" daemon [_thread_blocked, id=20212, stack(0x0000000024780000,0x0000000024880000)]
  0x0000000034ca8000 JavaThread "URL-Loader-84" daemon [_thread_blocked, id=21484, stack(0x0000000024680000,0x0000000024780000)]
  0x0000000034ca5800 JavaThread "URL-Loader-83" daemon [_thread_blocked, id=18812, stack(0x0000000024440000,0x0000000024540000)]
  0x0000000034ca7000 JavaThread "URL-Loader-82" daemon [_thread_blocked, id=18436, stack(0x0000000024340000,0x0000000024440000)]
  0x0000000034ca6800 JavaThread "URL-Loader-81" daemon [_thread_blocked, id=20236, stack(0x0000000020df0000,0x0000000020ef0000)]
  0x0000000034ca3800 JavaThread "URL-Loader-80" daemon [_thread_blocked, id=23592, stack(0x0000000020270000,0x0000000020370000)]
  0x000000001bfe6800 JavaThread "Watchdog-Timer-1" daemon [_thread_blocked, id=33608, stack(0x0000000024ec0000,0x0000000024fc0000)]
  0x0000000014e26800 JavaThread "Thread-8" [_thread_blocked, id=29936, stack(0x00000000217e0000,0x00000000218e0000)]
  0x00000000172da800 JavaThread "Disposer" daemon [_thread_blocked, id=22664, stack(0x000000001cb00000,0x000000001cc00000)]
  0x0000000016e38000 JavaThread "Prism Font Disposer" daemon [_thread_blocked, id=18368, stack(0x000000001b330000,0x000000001b430000)]
  0x0000000016d26000 JavaThread "JavaFX-Launcher" [_thread_blocked, id=16796, stack(0x0000000019b30000,0x0000000019c30000)]
  0x0000000016d25800 JavaThread "Thread-2" daemon [_thread_in_native, id=9168, stack(0x0000000019a30000,0x0000000019b30000)]
=>0x0000000016cf6800 JavaThread "JavaFX Application Thread" [_thread_in_native, id=17852, stack(0x0000000017a70000,0x0000000017b70000)]
  0x0000000016cdd000 JavaThread "Thread-1" daemon [_thread_blocked, id=16460, stack(0x0000000017970000,0x0000000017a70000)]
  0x0000000016c85800 JavaThread "QuantumRenderer-0" daemon [_thread_blocked, id=33800, stack(0x0000000017470000,0x0000000017570000)]
  0x0000000014e6e800 JavaThread "Service Thread" daemon [_thread_blocked, id=20944, stack(0x0000000016a70000,0x0000000016b70000)]
  0x0000000014e18000 JavaThread "C1 CompilerThread2" daemon [_thread_blocked, id=31264, stack(0x0000000016570000,0x0000000016670000)]
  0x0000000014e11000 JavaThread "C2 CompilerThread1" daemon [_thread_blocked, id=19876, stack(0x0000000016470000,0x0000000016570000)]
  0x0000000014e09800 JavaThread "C2 CompilerThread0" daemon [_thread_blocked, id=112, stack(0x0000000016370000,0x0000000016470000)]
  0x0000000014e08000 JavaThread "Attach Listener" daemon [_thread_blocked, id=18088, stack(0x0000000016270000,0x0000000016370000)]
  0x0000000014e06800 JavaThread "Signal Dispatcher" daemon [_thread_blocked, id=19024, stack(0x0000000016170000,0x0000000016270000)]
  0x0000000002908000 JavaThread "Finalizer" daemon [_thread_blocked, id=20504, stack(0x0000000016070000,0x0000000016170000)]
  0x00000000028ff000 JavaThread "Reference Handler" daemon [_thread_blocked, id=9552, stack(0x0000000015f70000,0x0000000016070000)]
  0x0000000002811000 JavaThread "main" [_thread_blocked, id=30740, stack(0x0000000002710000,0x0000000002810000)]

Other Threads:
  0x0000000014dd7000 VMThread [stack: 0x0000000015e70000,0x0000000015f70000] [id=35492]
  0x000000001669b800 WatcherThread [stack: 0x0000000016b70000,0x0000000016c70000] [id=26116]

VM state:not at safepoint (normal execution)

VM Mutex/Monitor currently owned by a thread: None

Heap:
 PSYoungGen      total 123392K, used 95934K [0x00000000ebb80000, 0x00000000f6e80000, 0x0000000100000000)
  eden space 110592K, 86% used [0x00000000ebb80000,0x00000000f192f948,0x00000000f2780000)
  from space 12800K, 0% used [0x00000000f2780000,0x00000000f2780000,0x00000000f3400000)
  to   space 13312K, 0% used [0x00000000f6180000,0x00000000f6180000,0x00000000f6e80000)
 ParOldGen       total 49664K, used 18534K [0x00000000c3200000, 0x00000000c6280000, 0x00000000ebb80000)
  object space 49664K, 37% used [0x00000000c3200000,0x00000000c4419a38,0x00000000c6280000)
 Metaspace       used 28563K, capacity 30084K, committed 30336K, reserved 1075200K
  class space    used 3780K, capacity 4083K, committed 4224K, reserved 1048576K

Card table byte_map: [0x0000000011cd0000,0x0000000011ec0000] byte_map_base: 0x00000000116b7000

Marking Bits: (ParMarkBitMap*) 0x0000000069324040
 Begin Bits: [0x0000000012410000, 0x0000000013348000)
 End Bits:   [0x0000000013348000, 0x0000000014280000)

Polling page: 0x0000000000d50000

CodeCache: size=245760Kb used=18033Kb max_used=18105Kb free=227726Kb
 bounds [0x0000000002910000, 0x0000000003ae0000, 0x0000000011910000]
 total_blobs=6541 nmethods=5753 adapters=700
 compilation: enabled

Compilation events (10 events):
Event: 528.603 Thread 0x0000000014e09800 6869       4       com.sun.webkit.graphics.BufferData::<init> (50 bytes)
Event: 528.607 Thread 0x0000000014e09800 nmethod 6869 0x0000000003035b10 code [0x0000000003035c80, 0x0000000003035f18]
Event: 528.738 Thread 0x0000000014e11000 6870       4       com.sun.javafx.webkit.prism.PrismGraphicsManager::createRTImage (14 bytes)
Event: 528.742 Thread 0x0000000014e11000 nmethod 6870 0x00000000031880d0 code [0x0000000003188220, 0x0000000003188358]
Event: 528.752 Thread 0x0000000014e09800 6871       4       com.sun.javafx.webkit.prism.PrismGraphicsManager::createBufferedContextRQ (45 bytes)
Event: 528.752 Thread 0x0000000014e11000 6872       4       com.sun.javafx.webkit.prism.WCGraphicsPrismContext::<init> (38 bytes)
Event: 528.761 Thread 0x0000000014e11000 nmethod 6872 0x000000000312f9d0 code [0x000000000312fb40, 0x000000000312fe78]
Event: 528.761 Thread 0x0000000014e11000 6873       4       com.sun.webkit.graphics.WCRenderQueue::<init> (47 bytes)
Event: 528.774 Thread 0x0000000014e11000 nmethod 6873 0x0000000003acdcd0 code [0x0000000003acde60, 0x0000000003ace298]
Event: 528.789 Thread 0x0000000014e09800 nmethod 6871 0x0000000002acf990 code [0x0000000002acfb80, 0x0000000002ad08b8]

GC Heap History (10 events):
Event: 304.796 GC heap before
{Heap before GC invocations=9 (full 1):
 PSYoungGen      total 68608K, used 68577K [0x00000000ebb80000, 0x00000000f2100000, 0x0000000100000000)
  eden space 61952K, 100% used [0x00000000ebb80000,0x00000000ef800000,0x00000000ef800000)
  from space 6656K, 99% used [0x00000000ef800000,0x00000000efe787b0,0x00000000efe80000)
  to   space 8192K, 0% used [0x00000000f1900000,0x00000000f1900000,0x00000000f2100000)
 ParOldGen       total 33280K, used 13245K [0x00000000c3200000, 0x00000000c5280000, 0x00000000ebb80000)
  object space 33280K, 39% used [0x00000000c3200000,0x00000000c3eef6f8,0x00000000c5280000)
 Metaspace       used 28024K, capacity 29606K, committed 29696K, reserved 1075200K
  class space    used 3763K, capacity 4066K, committed 4096K, reserved 1048576K
Event: 305.099 GC heap after
Heap after GC invocations=9 (full 1):
 PSYoungGen      total 93184K, used 8164K [0x00000000ebb80000, 0x00000000f2f00000, 0x0000000100000000)
  eden space 84992K, 0% used [0x00000000ebb80000,0x00000000ebb80000,0x00000000f0e80000)
  from space 8192K, 99% used [0x00000000f1900000,0x00000000f20f9030,0x00000000f2100000)
  to   space 10752K, 0% used [0x00000000f0e80000,0x00000000f0e80000,0x00000000f1900000)
 ParOldGen       total 33280K, used 16110K [0x00000000c3200000, 0x00000000c5280000, 0x00000000ebb80000)
  object space 33280K, 48% used [0x00000000c3200000,0x00000000c41bb898,0x00000000c5280000)
 Metaspace       used 28024K, capacity 29606K, committed 29696K, reserved 1075200K
  class space    used 3763K, capacity 4066K, committed 4096K, reserved 1048576K
}
Event: 524.853 GC heap before
{Heap before GC invocations=10 (full 1):
 PSYoungGen      total 93184K, used 93134K [0x00000000ebb80000, 0x00000000f2f00000, 0x0000000100000000)
  eden space 84992K, 99% used [0x00000000ebb80000,0x00000000f0e7a948,0x00000000f0e80000)
  from space 8192K, 99% used [0x00000000f1900000,0x00000000f20f9030,0x00000000f2100000)
  to   space 10752K, 0% used [0x00000000f0e80000,0x00000000f0e80000,0x00000000f1900000)
 ParOldGen       total 33280K, used 16110K [0x00000000c3200000, 0x00000000c5280000, 0x00000000ebb80000)
  object space 33280K, 48% used [0x00000000c3200000,0x00000000c41bb898,0x00000000c5280000)
 Metaspace       used 28373K, capacity 29910K, committed 29952K, reserved 1075200K
  class space    used 3779K, capacity 4076K, committed 4096K, reserved 1048576K
Event: 524.873 GC heap after
Heap after GC invocations=10 (full 1):
 PSYoungGen      total 95744K, used 10748K [0x00000000ebb80000, 0x00000000f4100000, 0x0000000100000000)
  eden space 84992K, 0% used [0x00000000ebb80000,0x00000000ebb80000,0x00000000f0e80000)
  from space 10752K, 99% used [0x00000000f0e80000,0x00000000f18ff168,0x00000000f1900000)
  to   space 13312K, 0% used [0x00000000f3400000,0x00000000f3400000,0x00000000f4100000)
 ParOldGen       total 33280K, used 19188K [0x00000000c3200000, 0x00000000c5280000, 0x00000000ebb80000)
  object space 33280K, 57% used [0x00000000c3200000,0x00000000c44bd138,0x00000000c5280000)
 Metaspace       used 28373K, capacity 29910K, committed 29952K, reserved 1075200K
  class space    used 3779K, capacity 4076K, committed 4096K, reserved 1048576K
}
Event: 524.964 GC heap before
{Heap before GC invocations=11 (full 1):
 PSYoungGen      total 95744K, used 95689K [0x00000000ebb80000, 0x00000000f4100000, 0x0000000100000000)
  eden space 84992K, 99% used [0x00000000ebb80000,0x00000000f0e73498,0x00000000f0e80000)
  from space 10752K, 99% used [0x00000000f0e80000,0x00000000f18ff168,0x00000000f1900000)
  to   space 13312K, 0% used [0x00000000f3400000,0x00000000f3400000,0x00000000f4100000)
 ParOldGen       total 33280K, used 19188K [0x00000000c3200000, 0x00000000c5280000, 0x00000000ebb80000)
  object space 33280K, 57% used [0x00000000c3200000,0x00000000c44bd138,0x00000000c5280000)
 Metaspace       used 28375K, capacity 29916K, committed 29952K, reserved 1075200K
  class space    used 3780K, capacity 4077K, committed 4096K, reserved 1048576K
Event: 524.974 GC heap after
Heap after GC invocations=11 (full 1):
 PSYoungGen      total 123904K, used 5076K [0x00000000ebb80000, 0x00000000f4780000, 0x0000000100000000)
  eden space 110592K, 0% used [0x00000000ebb80000,0x00000000ebb80000,0x00000000f2780000)
  from space 13312K, 38% used [0x00000000f3400000,0x00000000f38f52f8,0x00000000f4100000)
  to   space 12800K, 0% used [0x00000000f2780000,0x00000000f2780000,0x00000000f3400000)
 ParOldGen       total 33280K, used 24946K [0x00000000c3200000, 0x00000000c5280000, 0x00000000ebb80000)
  object space 33280K, 74% used [0x00000000c3200000,0x00000000c4a5c9c8,0x00000000c5280000)
 Metaspace       used 28375K, capacity 29916K, committed 29952K, reserved 1075200K
  class space    used 3780K, capacity 4077K, committed 4096K, reserved 1048576K
}
Event: 525.026 GC heap before
{Heap before GC invocations=12 (full 1):
 PSYoungGen      total 123904K, used 115578K [0x00000000ebb80000, 0x00000000f4780000, 0x0000000100000000)
  eden space 110592K, 99% used [0x00000000ebb80000,0x00000000f27697e8,0x00000000f2780000)
  from space 13312K, 38% used [0x00000000f3400000,0x00000000f38f52f8,0x00000000f4100000)
  to   space 12800K, 0% used [0x00000000f2780000,0x00000000f2780000,0x00000000f3400000)
 ParOldGen       total 33280K, used 24946K [0x00000000c3200000, 0x00000000c5280000, 0x00000000ebb80000)
  object space 33280K, 74% used [0x00000000c3200000,0x00000000c4a5c9c8,0x00000000c5280000)
 Metaspace       used 28375K, capacity 29916K, committed 29952K, reserved 1075200K
  class space    used 3780K, capacity 4077K, committed 4096K, reserved 1048576K
Event: 525.032 GC heap after
Heap after GC invocations=12 (full 1):
 PSYoungGen      total 123392K, used 239K [0x00000000ebb80000, 0x00000000f6e80000, 0x0000000100000000)
  eden space 110592K, 0% used [0x00000000ebb80000,0x00000000ebb80000,0x00000000f2780000)
  from space 12800K, 1% used [0x00000000f2780000,0x00000000f27bbc60,0x00000000f3400000)
  to   space 13312K, 0% used [0x00000000f6180000,0x00000000f6180000,0x00000000f6e80000)
 ParOldGen       total 33280K, used 29843K [0x00000000c3200000, 0x00000000c5280000, 0x00000000ebb80000)
  object space 33280K, 89% used [0x00000000c3200000,0x00000000c4f24e98,0x00000000c5280000)
 Metaspace       used 28375K, capacity 29916K, committed 29952K, reserved 1075200K
  class space    used 3780K, capacity 4077K, committed 4096K, reserved 1048576K
}
Event: 525.032 GC heap before
{Heap before GC invocations=13 (full 2):
 PSYoungGen      total 123392K, used 239K [0x00000000ebb80000, 0x00000000f6e80000, 0x0000000100000000)
  eden space 110592K, 0% used [0x00000000ebb80000,0x00000000ebb80000,0x00000000f2780000)
  from space 12800K, 1% used [0x00000000f2780000,0x00000000f27bbc60,0x00000000f3400000)
  to   space 13312K, 0% used [0x00000000f6180000,0x00000000f6180000,0x00000000f6e80000)
 ParOldGen       total 33280K, used 29843K [0x00000000c3200000, 0x00000000c5280000, 0x00000000ebb80000)
  object space 33280K, 89% used [0x00000000c3200000,0x00000000c4f24e98,0x00000000c5280000)
 Metaspace       used 28375K, capacity 29916K, committed 29952K, reserved 1075200K
  class space    used 3780K, capacity 4077K, committed 4096K, reserved 1048576K
Event: 525.223 GC heap after
Heap after GC invocations=13 (full 2):
 PSYoungGen      total 123392K, used 0K [0x00000000ebb80000, 0x00000000f6e80000, 0x0000000100000000)
  eden space 110592K, 0% used [0x00000000ebb80000,0x00000000ebb80000,0x00000000f2780000)
  from space 12800K, 0% used [0x00000000f2780000,0x00000000f2780000,0x00000000f3400000)
  to   space 13312K, 0% used [0x00000000f6180000,0x00000000f6180000,0x00000000f6e80000)
 ParOldGen       total 49664K, used 18534K [0x00000000c3200000, 0x00000000c6280000, 0x00000000ebb80000)
  object space 49664K, 37% used [0x00000000c3200000,0x00000000c4419a38,0x00000000c6280000)
 Metaspace       used 28316K, capacity 29784K, committed 29952K, reserved 1075200K
  class space    used 3764K, capacity 4049K, committed 4096K, reserved 1048576K
}

Deoptimization events (10 events):
Event: 525.485 Thread 0x0000000034ca3800 Uncommon trap: reason=class_check action=maybe_recompile pc=0x0000000003a21a58 method=java.util.regex.Pattern$Curly.match(Ljava/util/regex/Matcher;ILjava/lang/CharSequence;)Z @ 19
Event: 525.752 Thread 0x0000000034ca9800 Uncommon trap: reason=unstable_if action=reinterpret pc=0x0000000003a6b8f0 method=java.net.IDN.toASCIIInternal(Ljava/lang/String;I)Ljava/lang/String; @ 72
Event: 525.816 Thread 0x0000000034ca9800 Uncommon trap: reason=unstable_if action=reinterpret pc=0x0000000003474ce4 method=java.io.ByteArrayInputStream.read([BII)I @ 70
Event: 526.453 Thread 0x0000000016cf6800 Uncommon trap: reason=unstable_if action=reinterpret pc=0x00000000037bc778 method=com.sun.javafx.css.BitSet.retainAll(Ljava/util/Collection;)Z @ 159
Event: 526.474 Thread 0x0000000016c85800 Uncommon trap: reason=unstable_if action=reinterpret pc=0x00000000036b2578 method=com.sun.javafx.sg.prism.NGNode.doRender(Lcom/sun/prism/Graphics;)V @ 230
Event: 526.996 Thread 0x0000000016cf6800 Uncommon trap: reason=unstable_if action=reinterpret pc=0x00000000039bc5b0 method=javafx.scene.CssStyleHelper.transitionToState(Ljavafx/scene/Node;)V @ 513
Event: 527.741 Thread 0x0000000016c85800 Uncommon trap: reason=class_check action=maybe_recompile pc=0x0000000003844578 method=com.sun.prism.impl.BaseGraphics.drawTextureRaw(Lcom/sun/prism/Texture;FFFFFFFF)V @ 69
Event: 527.741 Thread 0x0000000016c85800 Uncommon trap: reason=class_check action=maybe_recompile pc=0x0000000003844578 method=com.sun.prism.impl.BaseGraphics.drawTextureRaw(Lcom/sun/prism/Texture;FFFFFFFF)V @ 69
Event: 527.741 Thread 0x0000000016c85800 Uncommon trap: reason=class_check action=maybe_recompile pc=0x0000000003844578 method=com.sun.prism.impl.BaseGraphics.drawTextureRaw(Lcom/sun/prism/Texture;FFFFFFFF)V @ 69
Event: 527.742 Thread 0x0000000016c85800 Uncommon trap: reason=class_check action=maybe_recompile pc=0x0000000003844578 method=com.sun.prism.impl.BaseGraphics.drawTextureRaw(Lcom/sun/prism/Texture;FFFFFFFF)V @ 69

Internal exceptions (10 events):
Event: 342.631 Thread 0x0000000034ca1000 Exception <a 'java/lang/ClassNotFoundException': sun/net/www/protocol/about/Handler> (0x00000000ec6522b8) thrown at [D:\re\workspace\8-2-build-windows-amd64-cygwin\jdk8u40\2855\hotspot\src\share\vm\classfile\systemDictionary.cpp, line 210]
Event: 342.633 Thread 0x0000000034ca1000 Exception <a 'java/lang/ClassNotFoundException': sun/net/www/protocol/about/Handler> (0x00000000ec6546d0) thrown at [D:\re\workspace\8-2-build-windows-amd64-cygwin\jdk8u40\2855\hotspot\src\share\vm\classfile\systemDictionary.cpp, line 210]
Event: 372.165 Thread 0x0000000021cf0000 Exception <a 'java/lang/ClassNotFoundException': sun/net/www/protocol/about/Handler> (0x00000000ed17b658) thrown at [D:\re\workspace\8-2-build-windows-amd64-cygwin\jdk8u40\2855\hotspot\src\share\vm\classfile\systemDictionary.cpp, line 210]
Event: 372.167 Thread 0x0000000021cf0000 Exception <a 'java/lang/ClassNotFoundException': sun/net/www/protocol/about/Handler> (0x00000000ed17da70) thrown at [D:\re\workspace\8-2-build-windows-amd64-cygwin\jdk8u40\2855\hotspot\src\share\vm\classfile\systemDictionary.cpp, line 210]
Event: 378.719 Thread 0x0000000034cad800 Exception <a 'java/lang/ClassNotFoundException': sun/net/www/protocol/about/Handler> (0x00000000ed03a7e0) thrown at [D:\re\workspace\8-2-build-windows-amd64-cygwin\jdk8u40\2855\hotspot\src\share\vm\classfile\systemDictionary.cpp, line 210]
Event: 378.721 Thread 0x0000000034cad800 Exception <a 'java/lang/ClassNotFoundException': sun/net/www/protocol/about/Handler> (0x00000000ed03cbf8) thrown at [D:\re\workspace\8-2-build-windows-amd64-cygwin\jdk8u40\2855\hotspot\src\share\vm\classfile\systemDictionary.cpp, line 210]
Event: 418.388 Thread 0x000000001bfe8000 Exception <a 'java/lang/ClassNotFoundException': sun/net/www/protocol/about/Handler> (0x00000000ee5f9c60) thrown at [D:\re\workspace\8-2-build-windows-amd64-cygwin\jdk8u40\2855\hotspot\src\share\vm\classfile\systemDictionary.cpp, line 210]
Event: 418.389 Thread 0x000000001bfe8000 Exception <a 'java/lang/ClassNotFoundException': sun/net/www/protocol/about/Handler> (0x00000000ee5fc078) thrown at [D:\re\workspace\8-2-build-windows-amd64-cygwin\jdk8u40\2855\hotspot\src\share\vm\classfile\systemDictionary.cpp, line 210]
Event: 445.941 Thread 0x0000000034ca2000 Exception <a 'java/lang/ClassNotFoundException': sun/net/www/protocol/about/Handler> (0x00000000eeb755c0) thrown at [D:\re\workspace\8-2-build-windows-amd64-cygwin\jdk8u40\2855\hotspot\src\share\vm\classfile\systemDictionary.cpp, line 210]
Event: 445.941 Thread 0x0000000034ca2000 Exception <a 'java/lang/ClassNotFoundException': sun/net/www/protocol/about/Handler> (0x00000000eeb779d8) thrown at [D:\re\workspace\8-2-build-windows-amd64-cygwin\jdk8u40\2855\hotspot\src\share\vm\classfile\systemDictionary.cpp, line 210]

Events (10 events):
Event: 528.786 Thread 0x000000003542e800 Thread exited: 0x000000003542e800
Event: 528.786 Thread 0x000000003542d000 Thread exited: 0x000000003542d000
Event: 530.574 Executing VM operation: RevokeBias
Event: 530.574 Executing VM operation: RevokeBias done
Event: 530.574 Executing VM operation: RevokeBias
Event: 530.574 Executing VM operation: RevokeBias done
Event: 530.574 Executing VM operation: RevokeBias
Event: 530.574 Executing VM operation: RevokeBias done
Event: 530.574 Executing VM operation: RevokeBias
Event: 530.574 Executing VM operation: RevokeBias done


Dynamic libraries:
0x00007ff718070000 - 0x00007ff7180a7000 	C:\Program Files\Java\jdk1.8.0_40\jre\bin\java.exe
0x00007ffb8fa80000 - 0x00007ffb8fc42000 	C:\WINDOWS\SYSTEM32\ntdll.dll
0x00007ffb8eeb0000 - 0x00007ffb8ef5d000 	C:\WINDOWS\system32\KERNEL32.DLL
0x00007ffb8cbb0000 - 0x00007ffb8cd8d000 	C:\WINDOWS\system32\KERNELBASE.dll
0x00007ffb8f2f0000 - 0x00007ffb8f396000 	C:\WINDOWS\system32\ADVAPI32.dll
0x00007ffb8d540000 - 0x00007ffb8d5dd000 	C:\WINDOWS\system32\msvcrt.dll
0x00007ffb8f0b0000 - 0x00007ffb8f10b000 	C:\WINDOWS\system32\sechost.dll
0x00007ffb8f110000 - 0x00007ffb8f236000 	C:\WINDOWS\system32\RPCRT4.dll
0x00007ffb8ef60000 - 0x00007ffb8f0ae000 	C:\WINDOWS\system32\USER32.dll
0x00007ffb8d3b0000 - 0x00007ffb8d536000 	C:\WINDOWS\system32\GDI32.dll
0x00007ffb80b50000 - 0x00007ffb80dc4000 	C:\WINDOWS\WinSxS\amd64_microsoft.windows.common-controls_6595b64144ccf1df_6.0.10240.16384_none_f41f7b285750ef43\COMCTL32.dll
0x00007ffb8eb70000 - 0x00007ffb8eba6000 	C:\WINDOWS\system32\IMM32.DLL
0x00007ffb8d170000 - 0x00007ffb8d2cc000 	C:\WINDOWS\system32\MSCTF.dll
0x000000006a390000 - 0x000000006a462000 	C:\Program Files\Java\jdk1.8.0_40\jre\bin\msvcr100.dll
0x0000000068b20000 - 0x00000000693a3000 	C:\Program Files\Java\jdk1.8.0_40\jre\bin\server\jvm.dll
0x00007ffb8d330000 - 0x00007ffb8d338000 	C:\WINDOWS\system32\PSAPI.DLL
0x00007ffb895a0000 - 0x00007ffb895aa000 	C:\WINDOWS\SYSTEM32\VERSION.dll
0x00007ffb7e330000 - 0x00007ffb7e339000 	C:\WINDOWS\SYSTEM32\WSOCK32.dll
0x00007ffb8a400000 - 0x00007ffb8a423000 	C:\WINDOWS\SYSTEM32\WINMM.dll
0x00007ffb8d340000 - 0x00007ffb8d3a9000 	C:\WINDOWS\system32\WS2_32.dll
0x00007ffb8ebb0000 - 0x00007ffb8ebb8000 	C:\WINDOWS\system32\NSI.dll
0x0000000000d00000 - 0x0000000000d2c000 	C:\WINDOWS\SYSTEM32\WINMMBASE.dll
0x00007ffb8cb60000 - 0x00007ffb8cba4000 	C:\WINDOWS\system32\cfgmgr32.dll
0x00007ffb8ad60000 - 0x00007ffb8ad87000 	C:\WINDOWS\SYSTEM32\DEVOBJ.dll
0x000000006abd0000 - 0x000000006abdf000 	C:\Program Files\Java\jdk1.8.0_40\jre\bin\verify.dll
0x000000006a320000 - 0x000000006a349000 	C:\Program Files\Java\jdk1.8.0_40\jre\bin\java.dll
0x000000006abb0000 - 0x000000006abc6000 	C:\Program Files\Java\jdk1.8.0_40\jre\bin\zip.dll
0x00007ffb8d640000 - 0x00007ffb8eb62000 	C:\WINDOWS\system32\SHELL32.dll
0x00007ffb8c530000 - 0x00007ffb8cb58000 	C:\WINDOWS\system32\windows.storage.dll
0x00007ffb8f800000 - 0x00007ffb8fa7c000 	C:\WINDOWS\system32\combase.dll
0x00007ffb8d2d0000 - 0x00007ffb8d321000 	C:\WINDOWS\system32\shlwapi.dll
0x00007ffb8c4e0000 - 0x00007ffb8c4ef000 	C:\WINDOWS\system32\kernel.appcore.dll
0x00007ffb8cea0000 - 0x00007ffb8cf53000 	C:\WINDOWS\system32\shcore.dll
0x00007ffb8c490000 - 0x00007ffb8c4da000 	C:\WINDOWS\system32\powrprof.dll
0x00007ffb8c510000 - 0x00007ffb8c523000 	C:\WINDOWS\system32\profapi.dll
0x0000000069870000 - 0x000000006989c000 	C:\Program Files\Java\jdk1.8.0_40\jre\bin\prism_d3d.dll
0x00007ffb673e0000 - 0x00007ffb675f0000 	C:\WINDOWS\system32\d3d9.dll
0x00007ffb893c0000 - 0x00007ffb893e2000 	C:\WINDOWS\SYSTEM32\dwmapi.dll
0x00007ffb8ad90000 - 0x00007ffb8ae26000 	C:\WINDOWS\system32\uxtheme.dll
0x0000000180000000 - 0x0000000180806000 	C:\WINDOWS\SYSTEM32\igdumd64.dll
0x0000000069820000 - 0x0000000069861000 	C:\Program Files\Java\jdk1.8.0_40\jre\bin\glass.dll
0x00007ffb8f720000 - 0x00007ffb8f7f7000 	C:\WINDOWS\system32\COMDLG32.dll
0x00007ffb8ed60000 - 0x00007ffb8eea1000 	C:\WINDOWS\system32\ole32.dll
0x00007ffb8ec30000 - 0x00007ffb8ecee000 	C:\WINDOWS\system32\OLEAUT32.dll
0x00007ffb8c2b0000 - 0x00007ffb8c31b000 	C:\WINDOWS\SYSTEM32\bcryptPrimitives.dll
0x00000000698b0000 - 0x00000000698d5000 	C:\Program Files\Java\jdk1.8.0_40\jre\bin\javafx_iio.dll
0x00000000697d0000 - 0x00000000697e5000 	C:\Program Files\Java\jdk1.8.0_40\jre\bin\javafx_font.dll
0x00007ffb856b0000 - 0x00007ffb85909000 	C:\WINDOWS\SYSTEM32\dwrite.dll
0x0000000067740000 - 0x0000000068b18000 	C:\Program Files\Java\jdk1.8.0_40\jre\bin\jfxwebkit.dll
0x00007ffb8be00000 - 0x00007ffb8be17000 	C:\WINDOWS\SYSTEM32\CRYPTSP.dll
0x00007ffb8c3c0000 - 0x00007ffb8c3e8000 	C:\WINDOWS\SYSTEM32\bcrypt.dll
0x00007ffb8b7d0000 - 0x00007ffb8b803000 	C:\WINDOWS\system32\rsaenh.dll
0x00007ffb8bef0000 - 0x00007ffb8befb000 	C:\WINDOWS\SYSTEM32\CRYPTBASE.dll
0x00007ffb8f240000 - 0x00007ffb8f2e5000 	C:\WINDOWS\system32\clbcatq.dll
0x00007ffb87780000 - 0x00007ffb87932000 	C:\WINDOWS\SYSTEM32\WindowsCodecs.dll
0x00007ffb83070000 - 0x00007ffb830b6000 	C:\WINDOWS\system32\dataexchange.dll
0x00007ffb83890000 - 0x00007ffb83dd5000 	C:\WINDOWS\system32\d2d1.dll
0x00007ffb85910000 - 0x00007ffb85bb3000 	C:\WINDOWS\system32\d3d11.dll
0x00007ffb881d0000 - 0x00007ffb882a1000 	C:\WINDOWS\system32\dcomp.dll
0x00007ffb89180000 - 0x00007ffb8921c000 	C:\WINDOWS\system32\dxgi.dll
0x00007ffb8ae30000 - 0x00007ffb8af1e000 	C:\WINDOWS\system32\twinapi.appcore.dll
0x00007ffb8b9f0000 - 0x00007ffb8ba0f000 	C:\WINDOWS\system32\USERENV.dll
0x00007ffb77640000 - 0x00007ffb77674000 	C:\Program Files\Common Files\Microsoft Shared\Ink\rtscom.dll
0x00007ffb6a710000 - 0x00007ffb6a97e000 	C:\WINDOWS\SYSTEM32\D3D10Warp.dll
0x0000000069800000 - 0x0000000069811000 	C:\Program Files\Java\jdk1.8.0_40\jre\bin\prism_common.dll
0x00000000697a0000 - 0x00000000697c4000 	C:\Program Files\Java\jdk1.8.0_40\jre\bin\sunec.dll
0x000000006ab20000 - 0x000000006ab3a000 	C:\Program Files\Java\jdk1.8.0_40\jre\bin\net.dll
0x00007ffb8bc30000 - 0x00007ffb8bc8d000 	C:\WINDOWS\system32\mswsock.dll
0x00007ffb88080000 - 0x00007ffb880b8000 	C:\WINDOWS\SYSTEM32\IPHLPAPI.DLL
0x00007ffb87fd0000 - 0x00007ffb87fdb000 	C:\WINDOWS\SYSTEM32\WINNSI.DLL
0x00007ffb85bc0000 - 0x00007ffb85bd6000 	C:\WINDOWS\SYSTEM32\dhcpcsvc6.DLL
0x00007ffb847e0000 - 0x00007ffb847fa000 	C:\WINDOWS\SYSTEM32\dhcpcsvc.DLL
0x000000006a870000 - 0x000000006a881000 	C:\Program Files\Java\jdk1.8.0_40\jre\bin\nio.dll
0x00007ffb8ba40000 - 0x00007ffb8bae8000 	C:\WINDOWS\SYSTEM32\DNSAPI.dll
0x000000006a840000 - 0x000000006a866000 	C:\Program Files\Bonjour\mdnsNSP.dll
0x00007ffb84230000 - 0x00007ffb8423a000 	C:\Windows\System32\rasadhlp.dll
0x00007ffb87db0000 - 0x00007ffb87e18000 	C:\WINDOWS\System32\fwpuclnt.dll
0x00007ffb8a190000 - 0x00007ffb8a1a8000 	C:\WINDOWS\system32\NLAapi.dll
0x00007ffb7e0d0000 - 0x00007ffb7e0e5000 	C:\WINDOWS\system32\napinsp.dll
0x00007ffb7ddc0000 - 0x00007ffb7ddda000 	C:\WINDOWS\system32\pnrpnsp.dll
0x00007ffb7e660000 - 0x00007ffb7e66d000 	C:\WINDOWS\System32\winrnr.dll
0x00007ffb896e0000 - 0x00007ffb896f5000 	C:\WINDOWS\system32\wshbth.dll
0x0000000069650000 - 0x00000000696c2000 	C:\Program Files\Java\jdk1.8.0_40\jre\bin\glib-lite.dll
0x00000000695b0000 - 0x000000006964c000 	C:\Program Files\Java\jdk1.8.0_40\jre\bin\gstreamer-lite.dll
0x00007ffb89700000 - 0x00007ffb8979c000 	C:\WINDOWS\SYSTEM32\DSOUND.dll
0x0000000069580000 - 0x00000000695a4000 	C:\Program Files\Java\jdk1.8.0_40\jre\bin\jfxmedia.dll
0x00007ffb80140000 - 0x00007ffb802ca000 	C:\WINDOWS\SYSTEM32\dbghelp.dll

VM Arguments:
jvm_args: -Dfile.encoding=UTF-8 
java_command: C:\Users\Wintermut3\Documents\GitHub\Alic3-1.0\dist\run540336229\Alic3 1.0.jar
java_class_path (initial): C:\Users\Wintermut3\Documents\GitHub\Alic3-1.0\dist\run540336229\Alic3 1.0.jar
Launcher Type: SUN_STANDARD

Environment Variables:
JAVA_HOME=C:\Program Files\Java\jdk1.8.0_40
PATH=C:\Program Files (x86)\NVIDIA Corporation\PhysX\Common;C:\Program Files\Common Files\Microsoft Shared\Windows Live;C:\Program Files (x86)\Common Files\Microsoft Shared\Windows Live;C:\ProgramData\Oracle\Java\javapath;C:\WINDOWS\system32;C:\WINDOWS;C:\WINDOWS\System32\Wbem;C:\WINDOWS\System32\WindowsPowerShell\v1.0\;C:\Program Files (x86)\Windows Live\Shared;C:\Program Files (x86)\MySQL\MySQL Fabric 1.5.4 & MySQL Utilities 1.5.4 1.5\;C:\Program Files (x86)\MySQL\MySQL Fabric 1.5.4 & MySQL Utilities 1.5.4 1.5\Doctrine extensions for PHP\;C:\Program Files (x86)\QuickTime\QTSystem\;C:\apache-maven-3.3.3\bin;C:\Program Files (x86)\Skype\Phone\
USERNAME=Wintermut3
OS=Windows_NT
PROCESSOR_IDENTIFIER=Intel64 Family 6 Model 37 Stepping 5, GenuineIntel



---------------  S Y S T E M  ---------------

OS: Windows 10.0 , 64 bit Build 10240 (10.0.10240.16384)

CPU:total 4 (2 cores per cpu, 2 threads per core) family 6 model 37 stepping 5, cmov, cx8, fxsr, mmx, sse, sse2, sse3, ssse3, sse4.1, sse4.2, popcnt, aes, clmul, ht, tsc, tscinvbit

Memory: 4k page, physical 3987300k(265428k free), swap 9622532k(19664k free)

vm_info: Java HotSpot(TM) 64-Bit Server VM (25.40-b25) for windows-amd64 JRE (1.8.0_40-b25), built on Feb 10 2015 21:53:57 by "java_re" with MS VC++ 10.0 (VS2010)

time: Thu Feb 25 17:37:13 2016
elapsed time: 536 seconds (0d 0h 8m 56s)

